<?xml version="1.0" encoding="UTF-8"?>
<!-- Generated by org.testng.reporters.JUnitXMLReporter -->
<testsuite ignored="0" hostname="B-Enukidzes-MacBook-Pro.local" failures="2" tests="2" name="YoutubeTest" time="24.709" errors="0" timestamp="2024-04-23T06:30:46 GET">
  <testcase classname="YoutubeTest" name="Settings" time="6.186">
    <failure type="java.lang.RuntimeException" message="java.net.URISyntaxException: Illegal character in hostname at index 12: https://your_testrail_instance.testrail.io/index.php?">
      <![CDATA[java.lang.RuntimeException: java.net.URISyntaxException: Illegal character in hostname at index 12: https://your_testrail_instance.testrail.io/index.php?
at com.mashape.unirest.http.HttpClientHelper.prepareRequest(HttpClientHelper.java:183)
at com.mashape.unirest.http.HttpClientHelper.request(HttpClientHelper.java:131)
at com.mashape.unirest.request.BaseRequest.asString(BaseRequest.java:56)
at TestRailConnector.addResultForTest(TestRailConnector.java:32)
at YoutubeTest.Settings(YoutubeTest.java:60)
at java.base/java.util.ArrayList.forEach(ArrayList.java:1596)
at Test.main(Test.java:9)
Caused by: java.net.URISyntaxException: Illegal character in hostname at index 12: https://your_testrail_instance.testrail.io/index.php?
at java.base/java.net.URI$Parser.fail(URI.java:2995)
at java.base/java.net.URI$Parser.parseHostname(URI.java:3547)
at java.base/java.net.URI$Parser.parseServer(URI.java:3394)
at java.base/java.net.URI$Parser.parseAuthority(URI.java:3304)
at java.base/java.net.URI$Parser.parseHierarchical(URI.java:3240)
at java.base/java.net.URI$Parser.parse(URI.java:3196)
at java.base/java.net.URI.<init>(URI.java:732)
at com.mashape.unirest.http.HttpClientHelper.prepareRequest(HttpClientHelper.java:172)
... 28 more
... Removed 22 stack frames]]>
    </failure>
  </testcase> <!-- Settings -->
  <testcase classname="YoutubeTest" name="Subscribe" time="12.433">
    <failure type="java.lang.RuntimeException" message="java.net.URISyntaxException: Illegal character in hostname at index 12: https://your_testrail_instance.testrail.io/index.php?">
      <![CDATA[java.lang.RuntimeException: java.net.URISyntaxException: Illegal character in hostname at index 12: https://your_testrail_instance.testrail.io/index.php?
at com.mashape.unirest.http.HttpClientHelper.prepareRequest(HttpClientHelper.java:183)
at com.mashape.unirest.http.HttpClientHelper.request(HttpClientHelper.java:131)
at com.mashape.unirest.request.BaseRequest.asString(BaseRequest.java:56)
at TestRailConnector.addResultForTest(TestRailConnector.java:32)
at YoutubeTest.Subscribe(YoutubeTest.java:36)
at java.base/java.util.ArrayList.forEach(ArrayList.java:1596)
at Test.main(Test.java:9)
Caused by: java.net.URISyntaxException: Illegal character in hostname at index 12: https://your_testrail_instance.testrail.io/index.php?
at java.base/java.net.URI$Parser.fail(URI.java:2995)
at java.base/java.net.URI$Parser.parseHostname(URI.java:3547)
at java.base/java.net.URI$Parser.parseServer(URI.java:3394)
at java.base/java.net.URI$Parser.parseAuthority(URI.java:3304)
at java.base/java.net.URI$Parser.parseHierarchical(URI.java:3240)
at java.base/java.net.URI$Parser.parse(URI.java:3196)
at java.base/java.net.URI.<init>(URI.java:732)
at com.mashape.unirest.http.HttpClientHelper.prepareRequest(HttpClientHelper.java:172)
... 28 more
... Removed 22 stack frames]]>
    </failure>
  </testcase> <!-- Subscribe -->
</testsuite> <!-- YoutubeTest -->
