<?xml version="1.0" encoding="UTF-8"?>
<testng-results ignored="0" total="1" passed="1" failed="0" skipped="0">
  <reporter-output>
  </reporter-output>
  <suite started-at="2024-04-22T14:16:04 GET" name="YoutubeSuite" finished-at="2024-04-22T14:16:21 GET" duration-ms="17098">
    <groups>
    </groups>
    <test started-at="2024-04-22T14:16:04 GET" name="YoutubeTest" finished-at="2024-04-22T14:16:21 GET" duration-ms="17098">
      <class name="YoutubeTest">
        <test-method is-config="true" signature="setUp()[pri:0, instance:YoutubeTest@d23e042]" started-at="2024-04-22T14:16:04 GET" name="setUp" finished-at="2024-04-22T14:16:08 GET" duration-ms="4494" status="PASS">
          <reporter-output>
          </reporter-output>
        </test-method> <!-- setUp -->
        <test-method signature="Subscribe()[pri:0, instance:YoutubeTest@d23e042]" started-at="2024-04-22T14:16:08 GET" name="Subscribe" finished-at="2024-04-22T14:16:21 GET" duration-ms="12544" status="PASS">
          <reporter-output>
          </reporter-output>
        </test-method> <!-- Subscribe -->
        <test-method is-config="true" signature="tearDown()[pri:0, instance:YoutubeTest@d23e042]" started-at="2024-04-22T14:16:21 GET" name="tearDown" finished-at="2024-04-22T14:16:21 GET" duration-ms="1" status="PASS">
          <reporter-output>
          </reporter-output>
        </test-method> <!-- tearDown -->
      </class> <!-- YoutubeTest -->
    </test> <!-- YoutubeTest -->
  </suite> <!-- YoutubeSuite -->
</testng-results>
